2026-04-24 21:55:14,501 INFO o.a.j.u.JMeterUtils: Setting Locale to en_EN
2026-04-24 21:55:14,515 INFO o.a.j.JMeter: Loading user properties from: /opt/homebrew/Cellar/jmeter/5.6.3/libexec/bin/user.properties
2026-04-24 21:55:14,515 INFO o.a.j.JMeter: Loading system properties from: /opt/homebrew/Cellar/jmeter/5.6.3/libexec/bin/system.properties
2026-04-24 21:55:14,515 INFO o.a.j.JMeter: Setting JMeter property: HOST=voyageai-nextjs-staging-clhvq.ondigitalocean.app
2026-04-24 21:55:14,515 INFO o.a.j.JMeter: Setting JMeter property: PORT=443
2026-04-24 21:55:14,516 INFO o.a.j.JMeter: Setting JMeter property: PROTOCOL=https
2026-04-24 21:55:14,516 INFO o.a.j.JMeter: Setting JMeter property: JWT=eyJhbGciOiJIUzI1NiIsInR5cCI6IkpXVCJ9.eyJzdWIiOiJ2aXZhLXBlcmYtdXNlciIsImVtYWlsIjoidml2YS1wZXJmQHZveWFnZWFpLmludGVybmFsIiwicm9sZSI6IlVTRVIiLCJqdGkiOiIxMWNlNjE4OTNjOTJjOTQ2ZmZhM2QyZTVmN2IzZmRkZCIsImlhdCI6MTc3NzAzODkxMywiZXhwIjoxNzc3MDQyNTEzfQ.3ZzuNT6qCQi5dp4wcQSXWkdT2cMNrN6rD55q8pqR6ys
2026-04-24 21:55:14,516 INFO o.a.j.JMeter: Setting JMeter property: CSRF_TOKEN=fb1764964db84608a2e3dc01e71c4ced.92cdda97be6ee84118d0b2048c79aff082907599bfb4a0b7097a94532c874861
2026-04-24 21:55:14,519 INFO o.a.j.JMeter: Copyright (c) 1998-2024 The Apache Software Foundation
2026-04-24 21:55:14,519 INFO o.a.j.JMeter: Version 5.6.3
2026-04-24 21:55:14,519 INFO o.a.j.JMeter: java.version=21.0.8
2026-04-24 21:55:14,519 INFO o.a.j.JMeter: java.vm.name=OpenJDK 64-Bit Server VM
2026-04-24 21:55:14,519 INFO o.a.j.JMeter: os.name=Mac OS X
2026-04-24 21:55:14,519 INFO o.a.j.JMeter: os.arch=aarch64
2026-04-24 21:55:14,519 INFO o.a.j.JMeter: os.version=26.3.1
2026-04-24 21:55:14,519 INFO o.a.j.JMeter: file.encoding=UTF-8
2026-04-24 21:55:14,519 INFO o.a.j.JMeter: java.awt.headless=true
2026-04-24 21:55:14,519 INFO o.a.j.JMeter: Max memory     =1073741824
2026-04-24 21:55:14,519 INFO o.a.j.JMeter: Available Processors =8
2026-04-24 21:55:14,525 INFO o.a.j.JMeter: Default Locale=English (EN)
2026-04-24 21:55:14,525 INFO o.a.j.JMeter: JMeter  Locale=English (EN)
2026-04-24 21:55:14,525 INFO o.a.j.JMeter: JMeterHome=/opt/homebrew/Cellar/jmeter/5.6.3/libexec
2026-04-24 21:55:14,525 INFO o.a.j.JMeter: user.dir  =/Users/suhaasnv/Documents/Desktop ALT/portfolioprojects/voyageai_1
2026-04-24 21:55:14,525 INFO o.a.j.JMeter: PWD       =/Users/suhaasnv/Documents/Desktop ALT/portfolioprojects/voyageai_1
2026-04-24 21:55:14,528 INFO o.a.j.JMeter: IP: 127.0.0.1 Name: Suhaass-MacBook-Air.local FullName: localhost
2026-04-24 21:55:14,534 INFO o.a.j.JMeter: Setting property 'jmeter.reportgenerator.outputdir' to:'/Users/suhaasnv/Documents/Desktop ALT/portfolioprojects/voyageai_1/performance/report/html-20260424-215513'
2026-04-24 21:55:14,536 INFO o.a.j.s.FileServer: Default base='/Users/suhaasnv/Documents/Desktop ALT/portfolioprojects/voyageai_1'
2026-04-24 21:55:14,537 INFO o.a.j.s.FileServer: Set new base='/Users/suhaasnv/Documents/Desktop ALT/portfolioprojects/voyageai_1/performance'
2026-04-24 21:55:14,614 INFO o.a.j.s.SaveService: Testplan (JMX) version: 2.2. Testlog (JTL) version: 2.2
2026-04-24 21:55:14,635 INFO o.a.j.s.SaveService: Using SaveService properties version 5.0
2026-04-24 21:55:14,636 INFO o.a.j.s.SaveService: Using SaveService properties file encoding UTF-8
2026-04-24 21:55:14,637 INFO o.a.j.s.SaveService: Loading file: performance/voyageai-load-test.jmx
2026-04-24 21:55:14,669 INFO o.a.j.p.h.s.HTTPSamplerBase: Parser for text/html is org.apache.jmeter.protocol.http.parser.LagartoBasedHtmlParser
2026-04-24 21:55:14,669 INFO o.a.j.p.h.s.HTTPSamplerBase: Parser for application/xhtml+xml is org.apache.jmeter.protocol.http.parser.LagartoBasedHtmlParser
2026-04-24 21:55:14,669 INFO o.a.j.p.h.s.HTTPSamplerBase: Parser for application/xml is org.apache.jmeter.protocol.http.parser.LagartoBasedHtmlParser
2026-04-24 21:55:14,669 INFO o.a.j.p.h.s.HTTPSamplerBase: Parser for text/xml is org.apache.jmeter.protocol.http.parser.LagartoBasedHtmlParser
2026-04-24 21:55:14,669 INFO o.a.j.p.h.s.HTTPSamplerBase: Parser for text/vnd.wap.wml is org.apache.jmeter.protocol.http.parser.RegexpHTMLParser
2026-04-24 21:55:14,669 INFO o.a.j.p.h.s.HTTPSamplerBase: Parser for text/css is org.apache.jmeter.protocol.http.parser.CssParser
2026-04-24 21:55:14,696 INFO o.a.j.JMeter: Creating summariser <summary>
2026-04-24 21:55:14,698 INFO o.a.j.r.d.ReportGenerator: ReportGenerator will use for Parsing the separator: ','
2026-04-24 21:55:14,698 INFO o.a.j.r.d.ReportGenerator: Will generate report at end of test from  results file: performance/results/results-20260424-215513.jtl
2026-04-24 21:55:14,698 INFO o.a.j.r.d.ReportGenerator: Reading report generator properties from: /opt/homebrew/Cellar/jmeter/5.6.3/libexec/bin/reportgenerator.properties
2026-04-24 21:55:14,698 INFO o.a.j.r.d.ReportGenerator: Merging with JMeter properties
2026-04-24 21:55:14,700 INFO o.a.j.r.c.ReportGeneratorConfiguration: Property 'jmeter.reportgenerator.temp_dir' not found, using default value 'temp' instead.
2026-04-24 21:55:14,701 INFO o.a.j.r.c.ReportGeneratorConfiguration: Property 'jmeter.reportgenerator.apdex_per_transaction' not found, using default value 'null' instead.
2026-04-24 21:55:14,701 INFO o.a.j.r.c.ReportGeneratorConfiguration: apdex_per_transaction is empty, not APDEX per transaction customization
2026-04-24 21:55:14,701 INFO o.a.j.r.c.ReportGeneratorConfiguration: Property 'jmeter.reportgenerator.sample_filter' not found, using default value 'null' instead.
2026-04-24 21:55:14,701 INFO o.a.j.r.c.ReportGeneratorConfiguration: Property 'jmeter.reportgenerator.report_title' not found, using default value 'null' instead.
2026-04-24 21:55:14,701 INFO o.a.j.r.c.ReportGeneratorConfiguration: Property 'jmeter.reportgenerator.start_date' not found, using default value 'null' instead.
2026-04-24 21:55:14,701 INFO o.a.j.r.c.ReportGeneratorConfiguration: Property 'jmeter.reportgenerator.end_date' not found, using default value 'null' instead.
2026-04-24 21:55:14,701 INFO o.a.j.r.c.ReportGeneratorConfiguration: Property 'jmeter.reportgenerator.date_format' not found, using default value 'null' instead.
2026-04-24 21:55:14,701 INFO o.a.j.r.c.ReportGeneratorConfiguration: Will use date range start date: null, end date: null
2026-04-24 21:55:14,702 INFO o.a.j.r.c.ReportGeneratorConfiguration: Property 'jmeter.reportgenerator.graph.totalTPS.exclude_controllers' not found, using default value 'false' instead.
2026-04-24 21:55:14,702 INFO o.a.j.r.c.ReportGeneratorConfiguration: Property 'jmeter.reportgenerator.graph.activeThreadsOverTime.exclude_controllers' not found, using default value 'false' instead.
2026-04-24 21:55:14,702 INFO o.a.j.r.c.ReportGeneratorConfiguration: Property 'jmeter.reportgenerator.graph.timeVsThreads.exclude_controllers' not found, using default value 'false' instead.
2026-04-24 21:55:14,703 INFO o.a.j.r.c.ReportGeneratorConfiguration: Property 'jmeter.reportgenerator.graph.responseTimeDistribution.exclude_controllers' not found, using default value 'false' instead.
2026-04-24 21:55:14,703 INFO o.a.j.r.c.ReportGeneratorConfiguration: Property 'jmeter.reportgenerator.graph.transactionsPerSecond.exclude_controllers' not found, using default value 'false' instead.
2026-04-24 21:55:14,703 INFO o.a.j.r.c.ReportGeneratorConfiguration: Property 'jmeter.reportgenerator.graph.responseTimePercentiles.exclude_controllers' not found, using default value 'false' instead.
2026-04-24 21:55:14,703 INFO o.a.j.r.c.ReportGeneratorConfiguration: Property 'jmeter.reportgenerator.graph.responseTimePercentilesOverTime.exclude_controllers' not found, using default value 'false' instead.
2026-04-24 21:55:14,703 INFO o.a.j.r.c.ReportGeneratorConfiguration: Property 'jmeter.reportgenerator.graph.responseTimesOverTime.exclude_controllers' not found, using default value 'false' instead.
2026-04-24 21:55:14,703 INFO o.a.j.r.c.ReportGeneratorConfiguration: Property 'jmeter.reportgenerator.graph.connectTimeOverTime.exclude_controllers' not found, using default value 'false' instead.
2026-04-24 21:55:14,703 INFO o.a.j.r.c.ReportGeneratorConfiguration: Property 'jmeter.reportgenerator.graph.latenciesOverTime.exclude_controllers' not found, using default value 'false' instead.
2026-04-24 21:55:14,703 INFO o.a.j.r.c.ReportGeneratorConfiguration: Property 'jmeter.reportgenerator.exporter.json.filters_only_sample_series' not found, using default value 'true' instead.
2026-04-24 21:55:14,703 INFO o.a.j.r.c.ReportGeneratorConfiguration: Property 'jmeter.reportgenerator.exporter.json.series_filter' not found, using default value '' instead.
2026-04-24 21:55:14,703 INFO o.a.j.r.c.ReportGeneratorConfiguration: Property 'jmeter.reportgenerator.exporter.json.show_controllers_only' not found, using default value 'false' instead.
2026-04-24 21:55:14,703 INFO o.a.j.r.c.ReportGeneratorConfiguration: Property 'jmeter.reportgenerator.exporter.html.filters_only_sample_series' not found, using default value 'true' instead.
2026-04-24 21:55:14,703 INFO o.a.j.r.c.ReportGeneratorConfiguration: Property 'jmeter.reportgenerator.exporter.html.series_filter' not found, using default value '' instead.
2026-04-24 21:55:14,703 INFO o.a.j.r.c.ReportGeneratorConfiguration: Property 'jmeter.reportgenerator.exporter.html.show_controllers_only' not found, using default value 'false' instead.
2026-04-24 21:55:14,709 INFO o.a.j.e.StandardJMeterEngine: Running the test!
2026-04-24 21:55:14,709 INFO o.a.j.s.SampleEvent: List of sample_variables: []
2026-04-24 21:55:14,709 INFO o.a.j.s.SampleEvent: List of sample_variables: []
2026-04-24 21:55:14,711 INFO o.a.j.e.u.CompoundVariable: Note: Function class names must contain the string: '.functions.'
2026-04-24 21:55:14,711 INFO o.a.j.e.u.CompoundVariable: Note: Function class names must not contain the string: '.gui.'
2026-04-24 21:55:14,727 INFO o.a.j.r.ClassFinder: Will scan jar /opt/homebrew/Cellar/jmeter/5.6.3/libexec/lib/ext/jmeter-plugins-manager-1.9.jar with filter ExtendsClassFilter [parents=[interface org.apache.jmeter.functions.Function], inner=false, contains=null, notContains=null]. Consider exposing JMeter plugins via META-INF/services, and add JMeter-Skip-Class-Scanning=true manifest attribute so JMeter can skip classfile scanning
2026-04-24 21:55:14,885 INFO o.a.j.JMeter: Running test (1777038914885)
2026-04-24 21:55:14,897 INFO o.a.j.e.StandardJMeterEngine: Starting ThreadGroup: 1 : Light Load (10u,2m)
2026-04-24 21:55:14,897 INFO o.a.j.e.StandardJMeterEngine: Starting 10 threads for group Light Load (10u,2m).
2026-04-24 21:55:14,897 INFO o.a.j.e.StandardJMeterEngine: Thread will continue on error
2026-04-24 21:55:14,897 INFO o.a.j.t.ThreadGroup: Starting thread group... number=1 threads=10 ramp-up=30 delayedStart=false
2026-04-24 21:55:14,901 INFO o.a.j.t.JMeterThread: Thread started: Light Load (10u,2m) 1-1
2026-04-24 21:55:14,905 INFO o.a.j.t.ThreadGroup: Started thread group number 1
2026-04-24 21:55:14,905 INFO o.a.j.e.StandardJMeterEngine: Starting ThreadGroup: 2 : Moderate Load (50u,5m)
2026-04-24 21:55:14,905 INFO o.a.j.e.StandardJMeterEngine: Starting 50 threads for group Moderate Load (50u,5m).
2026-04-24 21:55:14,905 INFO o.a.j.e.StandardJMeterEngine: Thread will continue on error
2026-04-24 21:55:14,905 INFO o.a.j.t.ThreadGroup: Starting thread group... number=2 threads=50 ramp-up=60 delayedStart=false
2026-04-24 21:55:14,917 INFO o.a.j.t.ThreadGroup: Started thread group number 2
2026-04-24 21:55:14,917 INFO o.a.j.e.StandardJMeterEngine: Starting ThreadGroup: 3 : Stress Load (100u,5m)
2026-04-24 21:55:14,918 INFO o.a.j.e.StandardJMeterEngine: Starting 100 threads for group Stress Load (100u,5m).
2026-04-24 21:55:14,918 INFO o.a.j.e.StandardJMeterEngine: Thread will continue on error
2026-04-24 21:55:14,918 INFO o.a.j.t.ThreadGroup: Starting thread group... number=3 threads=100 ramp-up=120 delayedStart=false
2026-04-24 21:55:14,932 INFO o.a.j.t.ThreadGroup: Started thread group number 3
2026-04-24 21:55:14,932 INFO o.a.j.e.StandardJMeterEngine: All thread groups have been started
2026-04-24 21:55:16,987 INFO o.a.j.p.h.s.HTTPHCAbstractImpl: Local host = Suhaass-MacBook-Air.local
2026-04-24 21:55:16,991 INFO o.a.j.p.h.s.HTTPHC4Impl: HTTP request retry count = 0
2026-04-24 21:55:16,992 INFO o.a.j.s.SampleResult: Note: Sample TimeStamps are START times
2026-04-24 21:55:16,992 INFO o.a.j.s.SampleResult: sampleresult.default.encoding is set to UTF-8
2026-04-24 21:55:16,992 INFO o.a.j.s.SampleResult: sampleresult.useNanoTime=true
2026-04-24 21:55:16,992 INFO o.a.j.s.SampleResult: sampleresult.nanoThreadSleep=5000
2026-04-24 21:55:17,119 INFO o.a.j.p.h.s.h.LazyLayeredConnectionSocketFactory: Setting up HTTPS TrustAll Socket Factory
2026-04-24 21:55:17,121 INFO o.a.j.u.JsseSSLManager: Using default SSL protocol: TLS
2026-04-24 21:55:17,121 INFO o.a.j.u.JsseSSLManager: SSL session context: per-thread
2026-04-24 21:55:17,167 INFO o.a.j.u.SSLManager: JmeterKeyStore Location:  type JKS
2026-04-24 21:55:17,169 INFO o.a.j.u.SSLManager: KeyStore created OK
2026-04-24 21:55:17,169 WARN o.a.j.u.SSLManager: Keystore file not found, loading empty keystore
2026-04-24 21:55:17,902 INFO o.a.j.t.JMeterThread: Thread started: Light Load (10u,2m) 1-2
2026-04-24 21:55:20,905 INFO o.a.j.t.JMeterThread: Thread started: Light Load (10u,2m) 1-3
2026-04-24 21:55:23,900 INFO o.a.j.t.JMeterThread: Thread started: Light Load (10u,2m) 1-4
2026-04-24 21:55:26,900 INFO o.a.j.t.JMeterThread: Thread started: Light Load (10u,2m) 1-5
2026-04-24 21:55:29,899 INFO o.a.j.t.JMeterThread: Thread started: Light Load (10u,2m) 1-6
2026-04-24 21:55:30,831 INFO o.a.j.r.Summariser: summary +     17 in 00:00:16 =    1.1/s Avg:   337 Min:    29 Max:  2960 Err:     1 (5.88%) Active: 6 Started: 6 Finished: 0
2026-04-24 21:55:32,903 INFO o.a.j.t.JMeterThread: Thread started: Light Load (10u,2m) 1-7
2026-04-24 21:55:35,904 INFO o.a.j.t.JMeterThread: Thread started: Light Load (10u,2m) 1-8
2026-04-24 21:55:38,904 INFO o.a.j.t.JMeterThread: Thread started: Light Load (10u,2m) 1-9
2026-04-24 21:55:41,900 INFO o.a.j.t.JMeterThread: Thread started: Light Load (10u,2m) 1-10
2026-04-24 21:56:00,133 INFO o.a.j.r.Summariser: summary +     88 in 00:00:29 =    3.0/s Avg:   963 Min:    23 Max:  5658 Err:    22 (25.00%) Active: 10 Started: 10 Finished: 0
2026-04-24 21:56:00,133 INFO o.a.j.r.Summariser: summary =    105 in 00:00:45 =    2.3/s Avg:   862 Min:    23 Max:  5658 Err:    23 (21.90%)
2026-04-24 21:56:30,317 INFO o.a.j.r.Summariser: summary +    102 in 00:00:30 =    3.4/s Avg:   901 Min:    24 Max:  5525 Err:    25 (24.51%) Active: 10 Started: 10 Finished: 0
2026-04-24 21:56:30,318 INFO o.a.j.r.Summariser: summary =    207 in 00:01:15 =    2.7/s Avg:   881 Min:    23 Max:  5658 Err:    48 (23.19%)
2026-04-24 21:57:00,017 INFO o.a.j.r.Summariser: summary +    105 in 00:00:30 =    3.5/s Avg:   816 Min:    21 Max:  4622 Err:    27 (25.71%) Active: 10 Started: 10 Finished: 0
2026-04-24 21:57:00,019 INFO o.a.j.r.Summariser: summary =    312 in 00:01:45 =    3.0/s Avg:   859 Min:    21 Max:  5658 Err:    75 (24.04%)
2026-04-24 21:57:12,609 INFO o.a.j.t.JMeterThread: Thread finished: Light Load (10u,2m) 1-7
2026-04-24 21:57:13,352 INFO o.a.j.t.JMeterThread: Thread finished: Light Load (10u,2m) 1-8
2026-04-24 21:57:13,809 INFO o.a.j.t.JMeterThread: Thread finished: Light Load (10u,2m) 1-3
2026-04-24 21:57:13,849 INFO o.a.j.t.JMeterThread: Thread finished: Light Load (10u,2m) 1-2
2026-04-24 21:57:14,421 INFO o.a.j.t.JMeterThread: Thread finished: Light Load (10u,2m) 1-1
2026-04-24 21:57:14,588 INFO o.a.j.t.JMeterThread: Thread finished: Light Load (10u,2m) 1-9
2026-04-24 21:57:14,775 INFO o.a.j.t.JMeterThread: Thread finished: Light Load (10u,2m) 1-10
2026-04-24 21:57:16,018 INFO o.a.j.t.JMeterThread: Stopping because end time detected by thread: Light Load (10u,2m) 1-5
2026-04-24 21:57:16,018 INFO o.a.j.t.JMeterThread: Stopping because end time detected by thread: Light Load (10u,2m) 1-4
2026-04-24 21:57:16,018 INFO o.a.j.t.JMeterThread: Thread finished: Light Load (10u,2m) 1-4
2026-04-24 21:57:16,019 INFO o.a.j.t.JMeterThread: Thread finished: Light Load (10u,2m) 1-5
2026-04-24 21:57:16,376 INFO o.a.j.t.JMeterThread: Stopping because end time detected by thread: Light Load (10u,2m) 1-6
2026-04-24 21:57:16,377 INFO o.a.j.t.JMeterThread: Thread finished: Light Load (10u,2m) 1-6
2026-04-24 21:57:24,909 INFO o.a.j.t.JMeterThread: Thread started: Moderate Load (50u,5m) 2-1
2026-04-24 21:57:26,114 INFO o.a.j.t.JMeterThread: Thread started: Moderate Load (50u,5m) 2-2
2026-04-24 21:57:27,318 INFO o.a.j.t.JMeterThread: Thread started: Moderate Load (50u,5m) 2-3
2026-04-24 21:57:28,511 INFO o.a.j.t.JMeterThread: Thread started: Moderate Load (50u,5m) 2-4
2026-04-24 21:57:29,707 INFO o.a.j.t.JMeterThread: Thread started: Moderate Load (50u,5m) 2-5
2026-04-24 21:57:30,907 INFO o.a.j.t.JMeterThread: Thread started: Moderate Load (50u,5m) 2-6
2026-04-24 21:57:31,107 INFO o.a.j.r.Summariser: summary +     63 in 00:00:31 =    2.0/s Avg:   745 Min:    18 Max:  4609 Err:    15 (23.81%) Active: 6 Started: 16 Finished: 10
2026-04-24 21:57:31,108 INFO o.a.j.r.Summariser: summary =    375 in 00:02:16 =    2.8/s Avg:   840 Min:    18 Max:  5658 Err:    90 (24.00%)
2026-04-24 21:57:32,118 INFO o.a.j.t.JMeterThread: Thread started: Moderate Load (50u,5m) 2-7
2026-04-24 21:57:33,319 INFO o.a.j.t.JMeterThread: Thread started: Moderate Load (50u,5m) 2-8
2026-04-24 21:57:34,520 INFO o.a.j.t.JMeterThread: Thread started: Moderate Load (50u,5m) 2-9
2026-04-24 21:57:35,711 INFO o.a.j.t.JMeterThread: Thread started: Moderate Load (50u,5m) 2-10
2026-04-24 21:57:36,916 INFO o.a.j.t.JMeterThread: Thread started: Moderate Load (50u,5m) 2-11
2026-04-24 21:57:38,116 INFO o.a.j.t.JMeterThread: Thread started: Moderate Load (50u,5m) 2-12
2026-04-24 21:57:39,318 INFO o.a.j.t.JMeterThread: Thread started: Moderate Load (50u,5m) 2-13
2026-04-24 21:57:40,519 INFO o.a.j.t.JMeterThread: Thread started: Moderate Load (50u,5m) 2-14
2026-04-24 21:57:41,718 INFO o.a.j.t.JMeterThread: Thread started: Moderate Load (50u,5m) 2-15
2026-04-24 21:57:42,911 INFO o.a.j.t.JMeterThread: Thread started: Moderate Load (50u,5m) 2-16
2026-04-24 21:57:44,118 INFO o.a.j.t.JMeterThread: Thread started: Moderate Load (50u,5m) 2-17
2026-04-24 21:57:45,314 INFO o.a.j.t.JMeterThread: Thread started: Moderate Load (50u,5m) 2-18
2026-04-24 21:57:46,513 INFO o.a.j.t.JMeterThread: Thread started: Moderate Load (50u,5m) 2-19
2026-04-24 21:57:47,718 INFO o.a.j.t.JMeterThread: Thread started: Moderate Load (50u,5m) 2-20
2026-04-24 21:57:48,919 INFO o.a.j.t.JMeterThread: Thread started: Moderate Load (50u,5m) 2-21
2026-04-24 21:57:50,119 INFO o.a.j.t.JMeterThread: Thread started: Moderate Load (50u,5m) 2-22
2026-04-24 21:57:51,310 INFO o.a.j.t.JMeterThread: Thread started: Moderate Load (50u,5m) 2-23
2026-04-24 21:57:52,510 INFO o.a.j.t.JMeterThread: Thread started: Moderate Load (50u,5m) 2-24
2026-04-24 21:57:53,713 INFO o.a.j.t.JMeterThread: Thread started: Moderate Load (50u,5m) 2-25
2026-04-24 21:57:54,914 INFO o.a.j.t.JMeterThread: Thread started: Moderate Load (50u,5m) 2-26
2026-04-24 21:57:56,113 INFO o.a.j.t.JMeterThread: Thread started: Moderate Load (50u,5m) 2-27
2026-04-24 21:57:57,319 INFO o.a.j.t.JMeterThread: Thread started: Moderate Load (50u,5m) 2-28
2026-04-24 21:57:58,514 INFO o.a.j.t.JMeterThread: Thread started: Moderate Load (50u,5m) 2-29
2026-04-24 21:57:59,711 INFO o.a.j.t.JMeterThread: Thread started: Moderate Load (50u,5m) 2-30
2026-04-24 21:58:00,194 INFO o.a.j.r.Summariser: summary +    184 in 00:00:29 =    6.3/s Avg:   575 Min:    20 Max:  5833 Err:    33 (17.93%) Active: 30 Started: 40 Finished: 10
2026-04-24 21:58:00,196 INFO o.a.j.r.Summariser: summary =    559 in 00:02:45 =    3.4/s Avg:   753 Min:    18 Max:  5833 Err:   123 (22.00%)
2026-04-24 21:58:00,911 INFO o.a.j.t.JMeterThread: Thread started: Moderate Load (50u,5m) 2-31
2026-04-24 21:58:02,112 INFO o.a.j.t.JMeterThread: Thread started: Moderate Load (50u,5m) 2-32
2026-04-24 21:58:03,318 INFO o.a.j.t.JMeterThread: Thread started: Moderate Load (50u,5m) 2-33
2026-04-24 21:58:04,510 INFO o.a.j.t.JMeterThread: Thread started: Moderate Load (50u,5m) 2-34
2026-04-24 21:58:05,711 INFO o.a.j.t.JMeterThread: Thread started: Moderate Load (50u,5m) 2-35
2026-04-24 21:58:06,918 INFO o.a.j.t.JMeterThread: Thread started: Moderate Load (50u,5m) 2-36
2026-04-24 21:58:08,110 INFO o.a.j.t.JMeterThread: Thread started: Moderate Load (50u,5m) 2-37
2026-04-24 21:58:09,315 INFO o.a.j.t.JMeterThread: Thread started: Moderate Load (50u,5m) 2-38
2026-04-24 21:58:10,515 INFO o.a.j.t.JMeterThread: Thread started: Moderate Load (50u,5m) 2-39
2026-04-24 21:58:11,718 INFO o.a.j.t.JMeterThread: Thread started: Moderate Load (50u,5m) 2-40
2026-04-24 21:58:12,916 INFO o.a.j.t.JMeterThread: Thread started: Moderate Load (50u,5m) 2-41
2026-04-24 21:58:14,113 INFO o.a.j.t.JMeterThread: Thread started: Moderate Load (50u,5m) 2-42
2026-04-24 21:58:15,309 INFO o.a.j.t.JMeterThread: Thread started: Moderate Load (50u,5m) 2-43
2026-04-24 21:58:16,514 INFO o.a.j.t.JMeterThread: Thread started: Moderate Load (50u,5m) 2-44
2026-04-24 21:58:17,719 INFO o.a.j.t.JMeterThread: Thread started: Moderate Load (50u,5m) 2-45
2026-04-24 21:58:18,916 INFO o.a.j.t.JMeterThread: Thread started: Moderate Load (50u,5m) 2-46
2026-04-24 21:58:20,112 INFO o.a.j.t.JMeterThread: Thread started: Moderate Load (50u,5m) 2-47
2026-04-24 21:58:21,312 INFO o.a.j.t.JMeterThread: Thread started: Moderate Load (50u,5m) 2-48
2026-04-24 21:58:22,518 INFO o.a.j.t.JMeterThread: Thread started: Moderate Load (50u,5m) 2-49
2026-04-24 21:58:23,712 INFO o.a.j.t.JMeterThread: Thread started: Moderate Load (50u,5m) 2-50
2026-04-24 21:58:30,174 INFO o.a.j.r.Summariser: summary +    443 in 00:00:30 =   14.8/s Avg:   715 Min:    18 Max:  6070 Err:   108 (24.38%) Active: 50 Started: 60 Finished: 10
2026-04-24 21:58:30,175 INFO o.a.j.r.Summariser: summary =   1002 in 00:03:15 =    5.1/s Avg:   736 Min:    18 Max:  6070 Err:   231 (23.05%)
2026-04-24 21:59:00,106 INFO o.a.j.r.Summariser: summary +    561 in 00:00:30 =   18.7/s Avg:   670 Min:    18 Max:  6201 Err:   197 (35.12%) Active: 50 Started: 60 Finished: 10
2026-04-24 21:59:00,108 INFO o.a.j.r.Summariser: summary =   1563 in 00:03:45 =    6.9/s Avg:   713 Min:    18 Max:  6201 Err:   428 (27.38%)
2026-04-24 21:59:30,041 INFO o.a.j.r.Summariser: summary +    592 in 00:00:30 =   19.8/s Avg:   570 Min:    16 Max:  6138 Err:   198 (33.45%) Active: 50 Started: 60 Finished: 10
2026-04-24 21:59:30,042 INFO o.a.j.r.Summariser: summary =   2155 in 00:04:15 =    8.4/s Avg:   673 Min:    16 Max:  6201 Err:   626 (29.05%)
2026-04-24 22:00:00,009 INFO o.a.j.r.Summariser: summary +    576 in 00:00:30 =   19.2/s Avg:   635 Min:    18 Max:  6042 Err:   204 (35.42%) Active: 50 Started: 60 Finished: 10
2026-04-24 22:00:00,010 INFO o.a.j.r.Summariser: summary =   2731 in 00:04:45 =    9.6/s Avg:   665 Min:    16 Max:  6201 Err:   830 (30.39%)
2026-04-24 22:00:30,186 INFO o.a.j.r.Summariser: summary +    570 in 00:00:30 =   18.9/s Avg:   640 Min:    19 Max:  7363 Err:   193 (33.86%) Active: 50 Started: 60 Finished: 10
2026-04-24 22:00:30,187 INFO o.a.j.r.Summariser: summary =   3301 in 00:05:15 =   10.5/s Avg:   661 Min:    16 Max:  7363 Err:  1023 (30.99%)
2026-04-24 22:01:00,048 INFO o.a.j.r.Summariser: summary +    583 in 00:00:30 =   19.5/s Avg:   574 Min:    19 Max:  7495 Err:   208 (35.68%) Active: 50 Started: 60 Finished: 10
2026-04-24 22:01:00,050 INFO o.a.j.r.Summariser: summary =   3884 in 00:05:45 =   11.3/s Avg:   648 Min:    16 Max:  7495 Err:  1231 (31.69%)
2026-04-24 22:01:30,098 INFO o.a.j.r.Summariser: summary +    576 in 00:00:30 =   19.2/s Avg:   617 Min:    18 Max:  6014 Err:   192 (33.33%) Active: 50 Started: 60 Finished: 10
2026-04-24 22:01:30,098 INFO o.a.j.r.Summariser: summary =   4460 in 00:06:15 =   11.9/s Avg:   644 Min:    16 Max:  7495 Err:  1423 (31.91%)
2026-04-24 22:02:00,076 INFO o.a.j.r.Summariser: summary +    582 in 00:00:30 =   19.4/s Avg:   597 Min:    17 Max:  6044 Err:   204 (35.05%) Active: 50 Started: 60 Finished: 10
2026-04-24 22:02:00,078 INFO o.a.j.r.Summariser: summary =   5042 in 00:06:45 =   12.4/s Avg:   638 Min:    16 Max:  7495 Err:  1627 (32.27%)
2026-04-24 22:02:22,047 INFO o.a.j.t.JMeterThread: Thread finished: Moderate Load (50u,5m) 2-5
2026-04-24 22:02:22,553 INFO o.a.j.t.JMeterThread: Thread finished: Moderate Load (50u,5m) 2-33
2026-04-24 22:02:22,862 INFO o.a.j.t.JMeterThread: Thread finished: Moderate Load (50u,5m) 2-31
2026-04-24 22:02:22,862 INFO o.a.j.t.JMeterThread: Thread finished: Moderate Load (50u,5m) 2-11
2026-04-24 22:02:22,862 INFO o.a.j.t.JMeterThread: Thread finished: Moderate Load (50u,5m) 2-45
2026-04-24 22:02:23,027 INFO o.a.j.t.JMeterThread: Thread finished: Moderate Load (50u,5m) 2-46
2026-04-24 22:02:23,051 INFO o.a.j.t.JMeterThread: Thread finished: Moderate Load (50u,5m) 2-40
2026-04-24 22:02:23,100 INFO o.a.j.t.JMeterThread: Thread finished: Moderate Load (50u,5m) 2-18
2026-04-24 22:02:23,100 INFO o.a.j.t.JMeterThread: Thread finished: Moderate Load (50u,5m) 2-6
2026-04-24 22:02:23,100 INFO o.a.j.t.JMeterThread: Thread finished: Moderate Load (50u,5m) 2-24
2026-04-24 22:02:23,102 INFO o.a.j.t.JMeterThread: Thread finished: Moderate Load (50u,5m) 2-48
2026-04-24 22:02:23,103 INFO o.a.j.t.JMeterThread: Thread finished: Moderate Load (50u,5m) 2-4
2026-04-24 22:02:23,103 INFO o.a.j.t.JMeterThread: Thread finished: Moderate Load (50u,5m) 2-1
2026-04-24 22:02:23,103 INFO o.a.j.t.JMeterThread: Thread finished: Moderate Load (50u,5m) 2-47
2026-04-24 22:02:23,103 INFO o.a.j.t.JMeterThread: Thread finished: Moderate Load (50u,5m) 2-19
2026-04-24 22:02:23,103 INFO o.a.j.t.JMeterThread: Thread finished: Moderate Load (50u,5m) 2-13
2026-04-24 22:02:23,103 INFO o.a.j.t.JMeterThread: Thread finished: Moderate Load (50u,5m) 2-38
2026-04-24 22:02:23,151 INFO o.a.j.t.JMeterThread: Thread finished: Moderate Load (50u,5m) 2-35
2026-04-24 22:02:23,548 INFO o.a.j.t.JMeterThread: Thread finished: Moderate Load (50u,5m) 2-37
2026-04-24 22:02:23,672 INFO o.a.j.t.JMeterThread: Thread finished: Moderate Load (50u,5m) 2-28
2026-04-24 22:02:23,690 INFO o.a.j.t.JMeterThread: Thread finished: Moderate Load (50u,5m) 2-44
2026-04-24 22:02:23,957 INFO o.a.j.t.JMeterThread: Thread finished: Moderate Load (50u,5m) 2-2
2026-04-24 22:02:23,999 INFO o.a.j.t.JMeterThread: Thread finished: Moderate Load (50u,5m) 2-36
2026-04-24 22:02:24,022 INFO o.a.j.t.JMeterThread: Thread finished: Moderate Load (50u,5m) 2-17
2026-04-24 22:02:24,025 INFO o.a.j.t.JMeterThread: Thread finished: Moderate Load (50u,5m) 2-39
2026-04-24 22:02:24,087 INFO o.a.j.t.JMeterThread: Thread finished: Moderate Load (50u,5m) 2-29
2026-04-24 22:02:24,139 INFO o.a.j.t.JMeterThread: Thread finished: Moderate Load (50u,5m) 2-7
2026-04-24 22:02:24,168 INFO o.a.j.t.JMeterThread: Thread finished: Moderate Load (50u,5m) 2-30
2026-04-24 22:02:24,183 INFO o.a.j.t.JMeterThread: Thread finished: Moderate Load (50u,5m) 2-34
2026-04-24 22:02:24,340 INFO o.a.j.t.JMeterThread: Thread finished: Moderate Load (50u,5m) 2-32
2026-04-24 22:02:24,340 INFO o.a.j.t.JMeterThread: Thread finished: Moderate Load (50u,5m) 2-42
2026-04-24 22:02:24,592 INFO o.a.j.t.JMeterThread: Thread finished: Moderate Load (50u,5m) 2-8
2026-04-24 22:02:24,688 INFO o.a.j.t.JMeterThread: Thread finished: Moderate Load (50u,5m) 2-49
2026-04-24 22:02:24,700 INFO o.a.j.t.JMeterThread: Thread finished: Moderate Load (50u,5m) 2-26
2026-04-24 22:02:24,705 INFO o.a.j.t.JMeterThread: Thread finished: Moderate Load (50u,5m) 2-23
2026-04-24 22:02:24,705 INFO o.a.j.t.JMeterThread: Thread finished: Moderate Load (50u,5m) 2-21
2026-04-24 22:02:24,723 INFO o.a.j.t.JMeterThread: Thread finished: Moderate Load (50u,5m) 2-27
2026-04-24 22:02:24,864 INFO o.a.j.t.JMeterThread: Thread finished: Moderate Load (50u,5m) 2-25
2026-04-24 22:02:24,864 INFO o.a.j.t.JMeterThread: Thread finished: Moderate Load (50u,5m) 2-16
2026-04-24 22:02:24,865 INFO o.a.j.t.JMeterThread: Thread finished: Moderate Load (50u,5m) 2-3
2026-04-24 22:02:24,864 INFO o.a.j.t.JMeterThread: Thread finished: Moderate Load (50u,5m) 2-41
2026-04-24 22:02:24,909 INFO o.a.j.t.JMeterThread: Stopping because end time detected by thread: Moderate Load (50u,5m) 2-15
2026-04-24 22:02:24,909 INFO o.a.j.t.JMeterThread: Stopping because end time detected by thread: Moderate Load (50u,5m) 2-10
2026-04-24 22:02:24,909 INFO o.a.j.t.JMeterThread: Thread finished: Moderate Load (50u,5m) 2-15
2026-04-24 22:02:24,909 INFO o.a.j.t.JMeterThread: Thread finished: Moderate Load (50u,5m) 2-10
2026-04-24 22:02:24,979 INFO o.a.j.t.JMeterThread: Stopping because end time detected by thread: Moderate Load (50u,5m) 2-22
2026-04-24 22:02:24,979 INFO o.a.j.t.JMeterThread: Stopping because end time detected by thread: Moderate Load (50u,5m) 2-43
2026-04-24 22:02:24,979 INFO o.a.j.t.JMeterThread: Thread finished: Moderate Load (50u,5m) 2-22
2026-04-24 22:02:24,979 INFO o.a.j.t.JMeterThread: Thread finished: Moderate Load (50u,5m) 2-43
2026-04-24 22:02:25,076 INFO o.a.j.t.JMeterThread: Stopping because end time detected by thread: Moderate Load (50u,5m) 2-50
2026-04-24 22:02:25,076 INFO o.a.j.t.JMeterThread: Thread finished: Moderate Load (50u,5m) 2-50
2026-04-24 22:02:25,089 INFO o.a.j.t.JMeterThread: Stopping because end time detected by thread: Moderate Load (50u,5m) 2-12
2026-04-24 22:02:25,089 INFO o.a.j.t.JMeterThread: Thread finished: Moderate Load (50u,5m) 2-12
2026-04-24 22:02:25,167 INFO o.a.j.t.JMeterThread: Stopping because end time detected by thread: Moderate Load (50u,5m) 2-14
2026-04-24 22:02:25,168 INFO o.a.j.t.JMeterThread: Thread finished: Moderate Load (50u,5m) 2-14
2026-04-24 22:02:29,103 INFO o.a.j.t.JMeterThread: Stopping because end time detected by thread: Moderate Load (50u,5m) 2-9
2026-04-24 22:02:29,104 INFO o.a.j.t.JMeterThread: Thread finished: Moderate Load (50u,5m) 2-9
2026-04-24 22:02:29,103 INFO o.a.j.t.JMeterThread: Stopping because end time detected by thread: Moderate Load (50u,5m) 2-20
2026-04-24 22:02:29,108 INFO o.a.j.t.JMeterThread: Thread finished: Moderate Load (50u,5m) 2-20
2026-04-24 22:02:44,928 INFO o.a.j.t.JMeterThread: Thread started: Stress Load (100u,5m) 3-1
2026-04-24 22:02:46,132 INFO o.a.j.t.JMeterThread: Thread started: Stress Load (100u,5m) 3-2
2026-04-24 22:02:47,336 INFO o.a.j.t.JMeterThread: Thread started: Stress Load (100u,5m) 3-3
2026-04-24 22:02:48,532 INFO o.a.j.t.JMeterThread: Thread started: Stress Load (100u,5m) 3-4
2026-04-24 22:02:49,738 INFO o.a.j.t.JMeterThread: Thread started: Stress Load (100u,5m) 3-5
2026-04-24 22:02:50,928 INFO o.a.j.t.JMeterThread: Thread started: Stress Load (100u,5m) 3-6
2026-04-24 22:02:52,136 INFO o.a.j.t.JMeterThread: Thread started: Stress Load (100u,5m) 3-7
2026-04-24 22:02:53,333 INFO o.a.j.t.JMeterThread: Thread started: Stress Load (100u,5m) 3-8
2026-04-24 22:02:54,534 INFO o.a.j.t.JMeterThread: Thread started: Stress Load (100u,5m) 3-9
2026-04-24 22:02:55,734 INFO o.a.j.t.JMeterThread: Thread started: Stress Load (100u,5m) 3-10
2026-04-24 22:02:56,934 INFO o.a.j.t.JMeterThread: Thread started: Stress Load (100u,5m) 3-11
2026-04-24 22:02:58,134 INFO o.a.j.t.JMeterThread: Thread started: Stress Load (100u,5m) 3-12
2026-04-24 22:02:59,332 INFO o.a.j.t.JMeterThread: Thread started: Stress Load (100u,5m) 3-13
2026-04-24 22:03:00,007 INFO o.a.j.r.Summariser: summary +    519 in 00:01:00 =    8.7/s Avg:   604 Min:    18 Max:  6071 Err:   171 (32.95%) Active: 13 Started: 73 Finished: 60
2026-04-24 22:03:00,008 INFO o.a.j.r.Summariser: summary =   5561 in 00:07:45 =   12.0/s Avg:   635 Min:    16 Max:  7495 Err:  1798 (32.33%)
2026-04-24 22:03:00,530 INFO o.a.j.t.JMeterThread: Thread started: Stress Load (100u,5m) 3-14
2026-04-24 22:03:01,732 INFO o.a.j.t.JMeterThread: Thread started: Stress Load (100u,5m) 3-15
2026-04-24 22:03:02,933 INFO o.a.j.t.JMeterThread: Thread started: Stress Load (100u,5m) 3-16
2026-04-24 22:03:04,129 INFO o.a.j.t.JMeterThread: Thread started: Stress Load (100u,5m) 3-17
2026-04-24 22:03:05,331 INFO o.a.j.t.JMeterThread: Thread started: Stress Load (100u,5m) 3-18
2026-04-24 22:03:06,529 INFO o.a.j.t.JMeterThread: Thread started: Stress Load (100u,5m) 3-19
2026-04-24 22:03:07,734 INFO o.a.j.t.JMeterThread: Thread started: Stress Load (100u,5m) 3-20
2026-04-24 22:03:08,934 INFO o.a.j.t.JMeterThread: Thread started: Stress Load (100u,5m) 3-21
2026-04-24 22:03:10,127 INFO o.a.j.t.JMeterThread: Thread started: Stress Load (100u,5m) 3-22
2026-04-24 22:03:11,332 INFO o.a.j.t.JMeterThread: Thread started: Stress Load (100u,5m) 3-23
2026-04-24 22:03:12,526 INFO o.a.j.t.JMeterThread: Thread started: Stress Load (100u,5m) 3-24
2026-04-24 22:03:13,726 INFO o.a.j.t.JMeterThread: Thread started: Stress Load (100u,5m) 3-25
2026-04-24 22:03:14,933 INFO o.a.j.t.JMeterThread: Thread started: Stress Load (100u,5m) 3-26
2026-04-24 22:03:16,132 INFO o.a.j.t.JMeterThread: Thread started: Stress Load (100u,5m) 3-27
2026-04-24 22:03:17,333 INFO o.a.j.t.JMeterThread: Thread started: Stress Load (100u,5m) 3-28
2026-04-24 22:03:18,529 INFO o.a.j.t.JMeterThread: Thread started: Stress Load (100u,5m) 3-29
2026-04-24 22:03:19,732 INFO o.a.j.t.JMeterThread: Thread started: Stress Load (100u,5m) 3-30
2026-04-24 22:03:20,927 INFO o.a.j.t.JMeterThread: Thread started: Stress Load (100u,5m) 3-31
2026-04-24 22:03:22,129 INFO o.a.j.t.JMeterThread: Thread started: Stress Load (100u,5m) 3-32
2026-04-24 22:03:23,330 INFO o.a.j.t.JMeterThread: Thread started: Stress Load (100u,5m) 3-33
2026-04-24 22:03:24,529 INFO o.a.j.t.JMeterThread: Thread started: Stress Load (100u,5m) 3-34
2026-04-24 22:03:25,727 INFO o.a.j.t.JMeterThread: Thread started: Stress Load (100u,5m) 3-35
2026-04-24 22:03:26,932 INFO o.a.j.t.JMeterThread: Thread started: Stress Load (100u,5m) 3-36
2026-04-24 22:03:28,132 INFO o.a.j.t.JMeterThread: Thread started: Stress Load (100u,5m) 3-37
2026-04-24 22:03:29,329 INFO o.a.j.t.JMeterThread: Thread started: Stress Load (100u,5m) 3-38
2026-04-24 22:03:30,085 INFO o.a.j.r.Summariser: summary +    278 in 00:00:30 =    9.2/s Avg:   649 Min:    17 Max:  5976 Err:    64 (23.02%) Active: 38 Started: 98 Finished: 60
2026-04-24 22:03:30,085 INFO o.a.j.r.Summariser: summary =   5839 in 00:08:15 =   11.8/s Avg:   636 Min:    16 Max:  7495 Err:  1862 (31.89%)
2026-04-24 22:03:30,527 INFO o.a.j.t.JMeterThread: Thread started: Stress Load (100u,5m) 3-39
2026-04-24 22:03:31,728 INFO o.a.j.t.JMeterThread: Thread started: Stress Load (100u,5m) 3-40
2026-04-24 22:03:32,929 INFO o.a.j.t.JMeterThread: Thread started: Stress Load (100u,5m) 3-41
2026-04-24 22:03:34,129 INFO o.a.j.t.JMeterThread: Thread started: Stress Load (100u,5m) 3-42
2026-04-24 22:03:35,331 INFO o.a.j.t.JMeterThread: Thread started: Stress Load (100u,5m) 3-43
2026-04-24 22:03:36,522 INFO o.a.j.t.JMeterThread: Thread started: Stress Load (100u,5m) 3-44
2026-04-24 22:03:37,727 INFO o.a.j.t.JMeterThread: Thread started: Stress Load (100u,5m) 3-45
2026-04-24 22:03:38,923 INFO o.a.j.t.JMeterThread: Thread started: Stress Load (100u,5m) 3-46
2026-04-24 22:03:40,129 INFO o.a.j.t.JMeterThread: Thread started: Stress Load (100u,5m) 3-47
2026-04-24 22:03:41,334 INFO o.a.j.t.JMeterThread: Thread started: Stress Load (100u,5m) 3-48
2026-04-24 22:03:42,532 INFO o.a.j.t.JMeterThread: Thread started: Stress Load (100u,5m) 3-49
2026-04-24 22:03:43,738 INFO o.a.j.t.JMeterThread: Thread started: Stress Load (100u,5m) 3-50
2026-04-24 22:03:44,934 INFO o.a.j.t.JMeterThread: Thread started: Stress Load (100u,5m) 3-51
2026-04-24 22:03:46,125 INFO o.a.j.t.JMeterThread: Thread started: Stress Load (100u,5m) 3-52
2026-04-24 22:03:47,334 INFO o.a.j.t.JMeterThread: Thread started: Stress Load (100u,5m) 3-53
2026-04-24 22:03:48,533 INFO o.a.j.t.JMeterThread: Thread started: Stress Load (100u,5m) 3-54
2026-04-24 22:03:49,729 INFO o.a.j.t.JMeterThread: Thread started: Stress Load (100u,5m) 3-55
2026-04-24 22:03:50,932 INFO o.a.j.t.JMeterThread: Thread started: Stress Load (100u,5m) 3-56
2026-04-24 22:03:52,132 INFO o.a.j.t.JMeterThread: Thread started: Stress Load (100u,5m) 3-57
2026-04-24 22:03:53,325 INFO o.a.j.t.JMeterThread: Thread started: Stress Load (100u,5m) 3-58
2026-04-24 22:03:54,531 INFO o.a.j.t.JMeterThread: Thread started: Stress Load (100u,5m) 3-59
2026-04-24 22:03:55,726 INFO o.a.j.t.JMeterThread: Thread started: Stress Load (100u,5m) 3-60
2026-04-24 22:03:56,928 INFO o.a.j.t.JMeterThread: Thread started: Stress Load (100u,5m) 3-61
2026-04-24 22:03:58,127 INFO o.a.j.t.JMeterThread: Thread started: Stress Load (100u,5m) 3-62
2026-04-24 22:03:59,321 INFO o.a.j.t.JMeterThread: Thread started: Stress Load (100u,5m) 3-63
2026-04-24 22:04:00,051 INFO o.a.j.r.Summariser: summary +    563 in 00:00:30 =   18.8/s Avg:   632 Min:    16 Max:  5904 Err:   162 (28.77%) Active: 63 Started: 123 Finished: 60
2026-04-24 22:04:00,052 INFO o.a.j.r.Summariser: summary =   6402 in 00:08:45 =   12.2/s Avg:   636 Min:    16 Max:  7495 Err:  2024 (31.62%)
2026-04-24 22:04:00,532 INFO o.a.j.t.JMeterThread: Thread started: Stress Load (100u,5m) 3-64
2026-04-24 22:04:01,720 INFO o.a.j.t.JMeterThread: Thread started: Stress Load (100u,5m) 3-65
2026-04-24 22:04:02,927 INFO o.a.j.t.JMeterThread: Thread started: Stress Load (100u,5m) 3-66
2026-04-24 22:04:04,125 INFO o.a.j.t.JMeterThread: Thread started: Stress Load (100u,5m) 3-67
2026-04-24 22:04:05,320 INFO o.a.j.t.JMeterThread: Thread started: Stress Load (100u,5m) 3-68
2026-04-24 22:04:06,527 INFO o.a.j.t.JMeterThread: Thread started: Stress Load (100u,5m) 3-69
2026-04-24 22:04:07,732 INFO o.a.j.t.JMeterThread: Thread started: Stress Load (100u,5m) 3-70
2026-04-24 22:04:08,931 INFO o.a.j.t.JMeterThread: Thread started: Stress Load (100u,5m) 3-71
2026-04-24 22:04:10,125 INFO o.a.j.t.JMeterThread: Thread started: Stress Load (100u,5m) 3-72
2026-04-24 22:04:11,331 INFO o.a.j.t.JMeterThread: Thread started: Stress Load (100u,5m) 3-73
2026-04-24 22:04:12,529 INFO o.a.j.t.JMeterThread: Thread started: Stress Load (100u,5m) 3-74
2026-04-24 22:04:13,734 INFO o.a.j.t.JMeterThread: Thread started: Stress Load (100u,5m) 3-75
2026-04-24 22:04:14,919 INFO o.a.j.t.JMeterThread: Thread started: Stress Load (100u,5m) 3-76
2026-04-24 22:04:16,128 INFO o.a.j.t.JMeterThread: Thread started: Stress Load (100u,5m) 3-77
2026-04-24 22:04:17,329 INFO o.a.j.t.JMeterThread: Thread started: Stress Load (100u,5m) 3-78
2026-04-24 22:04:18,529 INFO o.a.j.t.JMeterThread: Thread started: Stress Load (100u,5m) 3-79
2026-04-24 22:04:19,729 INFO o.a.j.t.JMeterThread: Thread started: Stress Load (100u,5m) 3-80
2026-04-24 22:04:20,929 INFO o.a.j.t.JMeterThread: Thread started: Stress Load (100u,5m) 3-81
2026-04-24 22:04:22,128 INFO o.a.j.t.JMeterThread: Thread started: Stress Load (100u,5m) 3-82
2026-04-24 22:04:23,332 INFO o.a.j.t.JMeterThread: Thread started: Stress Load (100u,5m) 3-83
2026-04-24 22:04:24,523 INFO o.a.j.t.JMeterThread: Thread started: Stress Load (100u,5m) 3-84
2026-04-24 22:04:25,730 INFO o.a.j.t.JMeterThread: Thread started: Stress Load (100u,5m) 3-85
2026-04-24 22:04:26,933 INFO o.a.j.t.JMeterThread: Thread started: Stress Load (100u,5m) 3-86
2026-04-24 22:04:28,128 INFO o.a.j.t.JMeterThread: Thread started: Stress Load (100u,5m) 3-87
2026-04-24 22:04:29,329 INFO o.a.j.t.JMeterThread: Thread started: Stress Load (100u,5m) 3-88
2026-04-24 22:04:30,022 INFO o.a.j.r.Summariser: summary +    867 in 00:00:30 =   28.9/s Avg:   564 Min:    17 Max:  5947 Err:   285 (32.87%) Active: 88 Started: 148 Finished: 60
2026-04-24 22:04:30,023 INFO o.a.j.r.Summariser: summary =   7269 in 00:09:15 =   13.1/s Avg:   627 Min:    16 Max:  7495 Err:  2309 (31.77%)
2026-04-24 22:04:30,528 INFO o.a.j.t.JMeterThread: Thread started: Stress Load (100u,5m) 3-89
2026-04-24 22:04:31,727 INFO o.a.j.t.JMeterThread: Thread started: Stress Load (100u,5m) 3-90
2026-04-24 22:04:32,927 INFO o.a.j.t.JMeterThread: Thread started: Stress Load (100u,5m) 3-91
2026-04-24 22:04:34,134 INFO o.a.j.t.JMeterThread: Thread started: Stress Load (100u,5m) 3-92
2026-04-24 22:04:35,321 INFO o.a.j.t.JMeterThread: Thread started: Stress Load (100u,5m) 3-93
2026-04-24 22:04:36,529 INFO o.a.j.t.JMeterThread: Thread started: Stress Load (100u,5m) 3-94
2026-04-24 22:04:37,732 INFO o.a.j.t.JMeterThread: Thread started: Stress Load (100u,5m) 3-95
2026-04-24 22:04:38,929 INFO o.a.j.t.JMeterThread: Thread started: Stress Load (100u,5m) 3-96
2026-04-24 22:04:40,127 INFO o.a.j.t.JMeterThread: Thread started: Stress Load (100u,5m) 3-97
2026-04-24 22:04:41,326 INFO o.a.j.t.JMeterThread: Thread started: Stress Load (100u,5m) 3-98
2026-04-24 22:04:42,528 INFO o.a.j.t.JMeterThread: Thread started: Stress Load (100u,5m) 3-99
2026-04-24 22:04:43,727 INFO o.a.j.t.JMeterThread: Thread started: Stress Load (100u,5m) 3-100
2026-04-24 22:05:00,211 INFO o.a.j.r.Summariser: summary +   1132 in 00:00:30 =   37.5/s Avg:   587 Min:    16 Max:  6150 Err:   404 (35.69%) Active: 100 Started: 160 Finished: 60
2026-04-24 22:05:00,212 INFO o.a.j.r.Summariser: summary =   8401 in 00:09:45 =   14.4/s Avg:   622 Min:    16 Max:  7495 Err:  2713 (32.29%)
2026-04-24 22:05:30,056 INFO o.a.j.r.Summariser: summary +   1135 in 00:00:30 =   38.0/s Avg:   627 Min:    19 Max:  6097 Err:   398 (35.07%) Active: 100 Started: 160 Finished: 60
2026-04-24 22:05:30,057 INFO o.a.j.r.Summariser: summary =   9536 in 00:10:15 =   15.5/s Avg:   622 Min:    16 Max:  7495 Err:  3111 (32.62%)
2026-04-24 22:06:00,098 INFO o.a.j.r.Summariser: summary +   1107 in 00:00:30 =   36.9/s Avg:   532 Min:    16 Max:  6010 Err:   377 (34.06%) Active: 100 Started: 160 Finished: 60
2026-04-24 22:06:00,101 INFO o.a.j.r.Summariser: summary =  10643 in 00:10:45 =   16.5/s Avg:   613 Min:    16 Max:  7495 Err:  3488 (32.77%)
2026-04-24 22:06:30,156 INFO o.a.j.r.Summariser: summary +   1148 in 00:00:30 =   38.2/s Avg:   664 Min:    18 Max:  6177 Err:   428 (37.28%) Active: 100 Started: 160 Finished: 60
2026-04-24 22:06:30,157 INFO o.a.j.r.Summariser: summary =  11791 in 00:11:15 =   17.5/s Avg:   618 Min:    16 Max:  7495 Err:  3916 (33.21%)
2026-04-24 22:07:00,024 INFO o.a.j.r.Summariser: summary +   1141 in 00:00:30 =   38.2/s Avg:   589 Min:    18 Max:  6176 Err:   401 (35.14%) Active: 100 Started: 160 Finished: 60
2026-04-24 22:07:00,026 INFO o.a.j.r.Summariser: summary =  12932 in 00:11:45 =   18.3/s Avg:   615 Min:    16 Max:  7495 Err:  4317 (33.38%)
2026-04-24 22:07:30,068 INFO o.a.j.r.Summariser: summary +   1174 in 00:00:30 =   39.1/s Avg:   597 Min:    17 Max:  6131 Err:   429 (36.54%) Active: 100 Started: 160 Finished: 60
2026-04-24 22:07:30,070 INFO o.a.j.r.Summariser: summary =  14106 in 00:12:15 =   19.2/s Avg:   614 Min:    16 Max:  7495 Err:  4746 (33.65%)
2026-04-24 22:07:42,433 INFO o.a.j.t.JMeterThread: Thread finished: Stress Load (100u,5m) 3-80
2026-04-24 22:07:42,542 INFO o.a.j.t.JMeterThread: Thread finished: Stress Load (100u,5m) 3-84
2026-04-24 22:07:42,598 INFO o.a.j.t.JMeterThread: Thread finished: Stress Load (100u,5m) 3-61
2026-04-24 22:07:42,845 INFO o.a.j.t.JMeterThread: Thread finished: Stress Load (100u,5m) 3-52
2026-04-24 22:07:42,846 INFO o.a.j.t.JMeterThread: Thread finished: Stress Load (100u,5m) 3-34
2026-04-24 22:07:42,847 INFO o.a.j.t.JMeterThread: Thread finished: Stress Load (100u,5m) 3-40
2026-04-24 22:07:42,849 INFO o.a.j.t.JMeterThread: Thread finished: Stress Load (100u,5m) 3-31
2026-04-24 22:07:42,848 INFO o.a.j.t.JMeterThread: Thread finished: Stress Load (100u,5m) 3-87
2026-04-24 22:07:42,849 INFO o.a.j.t.JMeterThread: Thread finished: Stress Load (100u,5m) 3-99
2026-04-24 22:07:42,849 INFO o.a.j.t.JMeterThread: Thread finished: Stress Load (100u,5m) 3-69
2026-04-24 22:07:42,849 INFO o.a.j.t.JMeterThread: Thread finished: Stress Load (100u,5m) 3-5
2026-04-24 22:07:42,849 INFO o.a.j.t.JMeterThread: Thread finished: Stress Load (100u,5m) 3-86
2026-04-24 22:07:42,848 INFO o.a.j.t.JMeterThread: Thread finished: Stress Load (100u,5m) 3-91
2026-04-24 22:07:42,848 INFO o.a.j.t.JMeterThread: Thread finished: Stress Load (100u,5m) 3-97
2026-04-24 22:07:42,848 INFO o.a.j.t.JMeterThread: Thread finished: Stress Load (100u,5m) 3-12
2026-04-24 22:07:42,848 INFO o.a.j.t.JMeterThread: Thread finished: Stress Load (100u,5m) 3-32
2026-04-24 22:07:42,851 INFO o.a.j.t.JMeterThread: Thread finished: Stress Load (100u,5m) 3-22
2026-04-24 22:07:42,984 INFO o.a.j.t.JMeterThread: Thread finished: Stress Load (100u,5m) 3-90
2026-04-24 22:07:43,130 INFO o.a.j.t.JMeterThread: Thread finished: Stress Load (100u,5m) 3-48
2026-04-24 22:07:43,368 INFO o.a.j.t.JMeterThread: Thread finished: Stress Load (100u,5m) 3-72
2026-04-24 22:07:43,405 INFO o.a.j.t.JMeterThread: Thread finished: Stress Load (100u,5m) 3-96
2026-04-24 22:07:43,481 INFO o.a.j.t.JMeterThread: Thread finished: Stress Load (100u,5m) 3-2
2026-04-24 22:07:43,481 INFO o.a.j.t.JMeterThread: Thread finished: Stress Load (100u,5m) 3-42
2026-04-24 22:07:43,619 INFO o.a.j.t.JMeterThread: Thread finished: Stress Load (100u,5m) 3-54
2026-04-24 22:07:43,650 INFO o.a.j.t.JMeterThread: Thread finished: Stress Load (100u,5m) 3-20
2026-04-24 22:07:43,653 INFO o.a.j.t.JMeterThread: Thread finished: Stress Load (100u,5m) 3-6
2026-04-24 22:07:43,733 INFO o.a.j.t.JMeterThread: Thread finished: Stress Load (100u,5m) 3-39
2026-04-24 22:07:43,779 INFO o.a.j.t.JMeterThread: Thread finished: Stress Load (100u,5m) 3-45
2026-04-24 22:07:43,786 INFO o.a.j.t.JMeterThread: Thread finished: Stress Load (100u,5m) 3-64
2026-04-24 22:07:43,890 INFO o.a.j.t.JMeterThread: Thread finished: Stress Load (100u,5m) 3-93
2026-04-24 22:07:43,890 INFO o.a.j.t.JMeterThread: Thread finished: Stress Load (100u,5m) 3-11
2026-04-24 22:07:43,890 INFO o.a.j.t.JMeterThread: Thread finished: Stress Load (100u,5m) 3-21
2026-04-24 22:07:43,891 INFO o.a.j.t.JMeterThread: Thread finished: Stress Load (100u,5m) 3-30
2026-04-24 22:07:43,891 INFO o.a.j.t.JMeterThread: Thread finished: Stress Load (100u,5m) 3-15
2026-04-24 22:07:43,902 INFO o.a.j.t.JMeterThread: Thread finished: Stress Load (100u,5m) 3-55
2026-04-24 22:07:43,890 INFO o.a.j.t.JMeterThread: Thread finished: Stress Load (100u,5m) 3-7
2026-04-24 22:07:43,891 INFO o.a.j.t.JMeterThread: Thread finished: Stress Load (100u,5m) 3-18
2026-04-24 22:07:43,915 INFO o.a.j.t.JMeterThread: Thread finished: Stress Load (100u,5m) 3-56
2026-04-24 22:07:43,951 INFO o.a.j.t.JMeterThread: Thread finished: Stress Load (100u,5m) 3-3
2026-04-24 22:07:44,073 INFO o.a.j.t.JMeterThread: Thread finished: Stress Load (100u,5m) 3-25
2026-04-24 22:07:44,073 INFO o.a.j.t.JMeterThread: Thread finished: Stress Load (100u,5m) 3-28
2026-04-24 22:07:44,073 INFO o.a.j.t.JMeterThread: Thread finished: Stress Load (100u,5m) 3-43
2026-04-24 22:07:44,073 INFO o.a.j.t.JMeterThread: Thread finished: Stress Load (100u,5m) 3-78
2026-04-24 22:07:44,073 INFO o.a.j.t.JMeterThread: Thread finished: Stress Load (100u,5m) 3-44
2026-04-24 22:07:44,073 INFO o.a.j.t.JMeterThread: Thread finished: Stress Load (100u,5m) 3-66
2026-04-24 22:07:44,073 INFO o.a.j.t.JMeterThread: Thread finished: Stress Load (100u,5m) 3-35
2026-04-24 22:07:44,106 INFO o.a.j.t.JMeterThread: Thread finished: Stress Load (100u,5m) 3-1
2026-04-24 22:07:44,215 INFO o.a.j.t.JMeterThread: Thread finished: Stress Load (100u,5m) 3-75
2026-04-24 22:07:44,281 INFO o.a.j.t.JMeterThread: Thread finished: Stress Load (100u,5m) 3-71
2026-04-24 22:07:44,289 INFO o.a.j.t.JMeterThread: Thread finished: Stress Load (100u,5m) 3-70
2026-04-24 22:07:44,290 INFO o.a.j.t.JMeterThread: Thread finished: Stress Load (100u,5m) 3-98
2026-04-24 22:07:44,290 INFO o.a.j.t.JMeterThread: Thread finished: Stress Load (100u,5m) 3-92
2026-04-24 22:07:44,290 INFO o.a.j.t.JMeterThread: Thread finished: Stress Load (100u,5m) 3-68
2026-04-24 22:07:44,290 INFO o.a.j.t.JMeterThread: Thread finished: Stress Load (100u,5m) 3-76
2026-04-24 22:07:44,304 INFO o.a.j.t.JMeterThread: Thread finished: Stress Load (100u,5m) 3-23
2026-04-24 22:07:44,309 INFO o.a.j.t.JMeterThread: Thread finished: Stress Load (100u,5m) 3-94
2026-04-24 22:07:44,417 INFO o.a.j.t.JMeterThread: Thread finished: Stress Load (100u,5m) 3-36
2026-04-24 22:07:44,438 INFO o.a.j.t.JMeterThread: Thread finished: Stress Load (100u,5m) 3-100
2026-04-24 22:07:44,595 INFO o.a.j.t.JMeterThread: Thread finished: Stress Load (100u,5m) 3-67
2026-04-24 22:07:44,596 INFO o.a.j.t.JMeterThread: Thread finished: Stress Load (100u,5m) 3-57
2026-04-24 22:07:44,596 INFO o.a.j.t.JMeterThread: Thread finished: Stress Load (100u,5m) 3-50
2026-04-24 22:07:44,596 INFO o.a.j.t.JMeterThread: Thread finished: Stress Load (100u,5m) 3-24
2026-04-24 22:07:44,596 INFO o.a.j.t.JMeterThread: Thread finished: Stress Load (100u,5m) 3-53
2026-04-24 22:07:44,602 INFO o.a.j.t.JMeterThread: Thread finished: Stress Load (100u,5m) 3-29
2026-04-24 22:07:44,614 INFO o.a.j.t.JMeterThread: Thread finished: Stress Load (100u,5m) 3-65
2026-04-24 22:07:44,631 INFO o.a.j.t.JMeterThread: Thread finished: Stress Load (100u,5m) 3-63
2026-04-24 22:07:44,632 INFO o.a.j.t.JMeterThread: Thread finished: Stress Load (100u,5m) 3-8
2026-04-24 22:07:44,682 INFO o.a.j.t.JMeterThread: Thread finished: Stress Load (100u,5m) 3-19
2026-04-24 22:07:44,745 INFO o.a.j.t.JMeterThread: Thread finished: Stress Load (100u,5m) 3-46
2026-04-24 22:07:44,745 INFO o.a.j.t.JMeterThread: Thread finished: Stress Load (100u,5m) 3-89
2026-04-24 22:07:44,745 INFO o.a.j.t.JMeterThread: Thread finished: Stress Load (100u,5m) 3-37
2026-04-24 22:07:44,747 INFO o.a.j.t.JMeterThread: Thread finished: Stress Load (100u,5m) 3-4
2026-04-24 22:07:44,825 INFO o.a.j.t.JMeterThread: Thread finished: Stress Load (100u,5m) 3-79
2026-04-24 22:07:44,825 INFO o.a.j.t.JMeterThread: Thread finished: Stress Load (100u,5m) 3-10
2026-04-24 22:07:44,839 INFO o.a.j.t.JMeterThread: Thread finished: Stress Load (100u,5m) 3-27
2026-04-24 22:07:44,841 INFO o.a.j.t.JMeterThread: Thread finished: Stress Load (100u,5m) 3-82
2026-04-24 22:07:44,949 INFO o.a.j.t.JMeterThread: Stopping because end time detected by thread: Stress Load (100u,5m) 3-51
2026-04-24 22:07:44,949 INFO o.a.j.t.JMeterThread: Thread finished: Stress Load (100u,5m) 3-51
2026-04-24 22:07:45,062 INFO o.a.j.t.JMeterThread: Stopping because end time detected by thread: Stress Load (100u,5m) 3-74
2026-04-24 22:07:45,062 INFO o.a.j.t.JMeterThread: Stopping because end time detected by thread: Stress Load (100u,5m) 3-60
2026-04-24 22:07:45,062 INFO o.a.j.t.JMeterThread: Stopping because end time detected by thread: Stress Load (100u,5m) 3-16
2026-04-24 22:07:45,063 INFO o.a.j.t.JMeterThread: Stopping because end time detected by thread: Stress Load (100u,5m) 3-38
2026-04-24 22:07:45,062 INFO o.a.j.t.JMeterThread: Stopping because end time detected by thread: Stress Load (100u,5m) 3-33
2026-04-24 22:07:45,063 INFO o.a.j.t.JMeterThread: Thread finished: Stress Load (100u,5m) 3-33
2026-04-24 22:07:45,063 INFO o.a.j.t.JMeterThread: Thread finished: Stress Load (100u,5m) 3-38
2026-04-24 22:07:45,063 INFO o.a.j.t.JMeterThread: Thread finished: Stress Load (100u,5m) 3-16
2026-04-24 22:07:45,062 INFO o.a.j.t.JMeterThread: Thread finished: Stress Load (100u,5m) 3-74
2026-04-24 22:07:45,063 INFO o.a.j.t.JMeterThread: Thread finished: Stress Load (100u,5m) 3-60
2026-04-24 22:07:45,085 INFO o.a.j.t.JMeterThread: Stopping because end time detected by thread: Stress Load (100u,5m) 3-13
2026-04-24 22:07:45,085 INFO o.a.j.t.JMeterThread: Thread finished: Stress Load (100u,5m) 3-13
2026-04-24 22:07:45,161 INFO o.a.j.t.JMeterThread: Stopping because end time detected by thread: Stress Load (100u,5m) 3-59
2026-04-24 22:07:45,161 INFO o.a.j.t.JMeterThread: Stopping because end time detected by thread: Stress Load (100u,5m) 3-62
2026-04-24 22:07:45,161 INFO o.a.j.t.JMeterThread: Stopping because end time detected by thread: Stress Load (100u,5m) 3-81
2026-04-24 22:07:45,161 INFO o.a.j.t.JMeterThread: Thread finished: Stress Load (100u,5m) 3-59
2026-04-24 22:07:45,161 INFO o.a.j.t.JMeterThread: Thread finished: Stress Load (100u,5m) 3-81
2026-04-24 22:07:45,161 INFO o.a.j.t.JMeterThread: Thread finished: Stress Load (100u,5m) 3-62
2026-04-24 22:07:45,251 INFO o.a.j.t.JMeterThread: Stopping because end time detected by thread: Stress Load (100u,5m) 3-49
2026-04-24 22:07:45,252 INFO o.a.j.t.JMeterThread: Thread finished: Stress Load (100u,5m) 3-49
2026-04-24 22:07:45,331 INFO o.a.j.t.JMeterThread: Stopping because end time detected by thread: Stress Load (100u,5m) 3-9
2026-04-24 22:07:45,331 INFO o.a.j.t.JMeterThread: Thread finished: Stress Load (100u,5m) 3-9
2026-04-24 22:07:48,774 INFO o.a.j.t.JMeterThread: Stopping because end time detected by thread: Stress Load (100u,5m) 3-83
2026-04-24 22:07:48,774 INFO o.a.j.t.JMeterThread: Stopping because end time detected by thread: Stress Load (100u,5m) 3-17
2026-04-24 22:07:48,775 INFO o.a.j.t.JMeterThread: Thread finished: Stress Load (100u,5m) 3-83
2026-04-24 22:07:48,775 INFO o.a.j.t.JMeterThread: Stopping because end time detected by thread: Stress Load (100u,5m) 3-41
2026-04-24 22:07:48,775 INFO o.a.j.t.JMeterThread: Stopping because end time detected by thread: Stress Load (100u,5m) 3-47
2026-04-24 22:07:48,777 INFO o.a.j.t.JMeterThread: Thread finished: Stress Load (100u,5m) 3-47
2026-04-24 22:07:48,777 INFO o.a.j.t.JMeterThread: Stopping because end time detected by thread: Stress Load (100u,5m) 3-95
2026-04-24 22:07:48,777 INFO o.a.j.t.JMeterThread: Thread finished: Stress Load (100u,5m) 3-95
2026-04-24 22:07:48,777 INFO o.a.j.t.JMeterThread: Thread finished: Stress Load (100u,5m) 3-17
2026-04-24 22:07:48,778 INFO o.a.j.t.JMeterThread: Stopping because end time detected by thread: Stress Load (100u,5m) 3-85
2026-04-24 22:07:48,778 INFO o.a.j.t.JMeterThread: Thread finished: Stress Load (100u,5m) 3-85
2026-04-24 22:07:48,775 INFO o.a.j.t.JMeterThread: Stopping because end time detected by thread: Stress Load (100u,5m) 3-73
2026-04-24 22:07:48,778 INFO o.a.j.t.JMeterThread: Stopping because end time detected by thread: Stress Load (100u,5m) 3-88
2026-04-24 22:07:48,777 INFO o.a.j.t.JMeterThread: Stopping because end time detected by thread: Stress Load (100u,5m) 3-77
2026-04-24 22:07:48,776 INFO o.a.j.t.JMeterThread: Thread finished: Stress Load (100u,5m) 3-41
2026-04-24 22:07:48,779 INFO o.a.j.t.JMeterThread: Thread finished: Stress Load (100u,5m) 3-77
2026-04-24 22:07:48,776 INFO o.a.j.t.JMeterThread: Stopping because end time detected by thread: Stress Load (100u,5m) 3-26
2026-04-24 22:07:48,779 INFO o.a.j.t.JMeterThread: Thread finished: Stress Load (100u,5m) 3-26
2026-04-24 22:07:48,776 INFO o.a.j.t.JMeterThread: Stopping because end time detected by thread: Stress Load (100u,5m) 3-58
2026-04-24 22:07:48,779 INFO o.a.j.t.JMeterThread: Thread finished: Stress Load (100u,5m) 3-58
2026-04-24 22:07:48,775 INFO o.a.j.t.JMeterThread: Stopping because end time detected by thread: Stress Load (100u,5m) 3-14
2026-04-24 22:07:48,779 INFO o.a.j.t.JMeterThread: Thread finished: Stress Load (100u,5m) 3-14
2026-04-24 22:07:48,779 INFO o.a.j.t.JMeterThread: Thread finished: Stress Load (100u,5m) 3-88
2026-04-24 22:07:48,778 INFO o.a.j.t.JMeterThread: Thread finished: Stress Load (100u,5m) 3-73
2026-04-24 22:07:48,780 INFO o.a.j.e.StandardJMeterEngine: Notifying test listeners of end of test
2026-04-24 22:07:48,802 INFO o.a.j.r.Summariser: summary +    597 in 00:00:19 =   31.9/s Avg:   748 Min:    18 Max:  6130 Err:   226 (37.86%) Active: 0 Started: 160 Finished: 160
2026-04-24 22:07:48,802 INFO o.a.j.r.Summariser: summary =  14703 in 00:12:34 =   19.5/s Avg:   619 Min:    16 Max:  7495 Err:  4972 (33.82%)
2026-04-24 22:07:48,803 INFO o.a.j.JMeter: Generating Dashboard
2026-04-24 22:07:48,803 INFO o.a.j.r.d.ReportGenerator: Flushing result collector before report Generation
2026-04-24 22:07:48,826 INFO o.a.j.r.p.NormalizerSampleConsumer: Using format, 'ms', to parse timeStamp field
2026-04-24 22:07:49,484 INFO o.a.j.r.p.AbstractSampleConsumer: class org.apache.jmeter.report.processor.AggregateConsumer#stopProducing(): beginDate produced 0 samples
2026-04-24 22:07:49,484 INFO o.a.j.r.p.AbstractSampleConsumer: class org.apache.jmeter.report.processor.AggregateConsumer#stopProducing(): endDate produced 0 samples
2026-04-24 22:07:49,486 INFO o.a.j.r.p.AbstractSampleConsumer: class org.apache.jmeter.report.processor.ApdexSummaryConsumer#stopProducing(): apdexSummary produced 0 samples
2026-04-24 22:07:49,486 INFO o.a.j.r.p.AbstractSampleConsumer: class org.apache.jmeter.report.processor.RequestsSummaryConsumer#stopProducing(): requestsSummary produced 0 samples
2026-04-24 22:07:49,496 INFO o.a.j.r.p.AbstractSampleConsumer: class org.apache.jmeter.report.processor.StatisticsSummaryConsumer#stopProducing(): statisticsSummary produced 0 samples
2026-04-24 22:07:49,508 INFO o.a.j.r.p.AbstractSampleConsumer: class org.apache.jmeter.report.processor.Top5ErrorsBySamplerConsumer#stopProducing(): top5ErrorsBySampler produced 0 samples
2026-04-24 22:07:49,508 INFO o.a.j.r.p.AbstractSampleConsumer: class org.apache.jmeter.report.processor.ErrorsSummaryConsumer#stopProducing(): errorsSummary produced 0 samples
2026-04-24 22:07:49,508 INFO o.a.j.r.p.AbstractSampleConsumer: class org.apache.jmeter.report.processor.graph.impl.HitsPerSecondGraphConsumer#stopProducing(): hitsPerSecond produced 0 samples
2026-04-24 22:07:49,638 INFO o.a.j.r.p.AbstractSampleConsumer: class org.apache.jmeter.report.processor.graph.impl.LatencyVSRequestGraphConsumer#stopProducing(): latencyVsRequest produced 0 samples
2026-04-24 22:07:49,639 INFO o.a.j.r.p.AbstractSampleConsumer: class org.apache.jmeter.report.processor.graph.impl.SyntheticResponseTimeDistributionGraphConsumer#stopProducing(): syntheticResponseTimeDistribution produced 0 samples
2026-04-24 22:07:49,639 INFO o.a.j.r.p.AbstractSampleConsumer: class org.apache.jmeter.report.processor.graph.impl.BytesThroughputGraphConsumer#stopProducing(): bytesThroughputOverTime produced 0 samples
2026-04-24 22:07:49,640 INFO o.a.j.r.p.AbstractSampleConsumer: class org.apache.jmeter.report.processor.graph.impl.CodesPerSecondGraphConsumer#stopProducing(): codesPerSecond produced 0 samples
2026-04-24 22:07:49,730 INFO o.a.j.r.p.AbstractSampleConsumer: class org.apache.jmeter.report.processor.graph.impl.ResponseTimeVSRequestGraphConsumer#stopProducing(): responseTimeVsRequest produced 0 samples
2026-04-24 22:07:49,731 INFO o.a.j.r.p.AbstractSampleConsumer: class org.apache.jmeter.report.processor.FilterConsumer#stopProducing(): startIntervalControlerFilter produced 155631 samples
2026-04-24 22:07:49,731 INFO o.a.j.r.p.AbstractSampleConsumer: class org.apache.jmeter.report.processor.graph.impl.TotalTPSGraphConsumer#stopProducing(): totalTPS produced 0 samples
2026-04-24 22:07:49,731 INFO o.a.j.r.p.AbstractSampleConsumer: class org.apache.jmeter.report.processor.graph.impl.ActiveThreadsGraphConsumer#stopProducing(): activeThreadsOverTime produced 0 samples
2026-04-24 22:07:49,731 INFO o.a.j.r.p.AbstractSampleConsumer: class org.apache.jmeter.report.processor.graph.impl.TimeVSThreadGraphConsumer#stopProducing(): timeVsThreads produced 0 samples
2026-04-24 22:07:49,732 INFO o.a.j.r.p.AbstractSampleConsumer: class org.apache.jmeter.report.processor.graph.impl.ResponseTimeDistributionGraphConsumer#stopProducing(): responseTimeDistribution produced 0 samples
2026-04-24 22:07:49,732 INFO o.a.j.r.p.AbstractSampleConsumer: class org.apache.jmeter.report.processor.graph.impl.TransactionsPerSecondGraphConsumer#stopProducing(): transactionsPerSecond produced 0 samples
2026-04-24 22:07:49,732 INFO o.a.j.r.p.AbstractSampleConsumer: class org.apache.jmeter.report.processor.graph.impl.ResponseTimePercentilesGraphConsumer#stopProducing(): responseTimePercentiles produced 0 samples
2026-04-24 22:07:49,737 INFO o.a.j.r.p.AbstractSampleConsumer: class org.apache.jmeter.report.processor.graph.impl.ResponseTimePercentilesOverTimeGraphConsumer#stopProducing(): responseTimePercentilesOverTime produced 0 samples
2026-04-24 22:07:49,738 INFO o.a.j.r.p.AbstractSampleConsumer: class org.apache.jmeter.report.processor.graph.impl.ResponseTimeOverTimeGraphConsumer#stopProducing(): responseTimesOverTime produced 0 samples
2026-04-24 22:07:49,738 INFO o.a.j.r.p.AbstractSampleConsumer: class org.apache.jmeter.report.processor.graph.impl.ConnectTimeOverTimeGraphConsumer#stopProducing(): connectTimeOverTime produced 0 samples
2026-04-24 22:07:49,738 INFO o.a.j.r.p.AbstractSampleConsumer: class org.apache.jmeter.report.processor.graph.impl.LatencyOverTimeGraphConsumer#stopProducing(): latenciesOverTime produced 0 samples
2026-04-24 22:07:49,738 INFO o.a.j.r.p.AbstractSampleConsumer: class org.apache.jmeter.report.processor.FilterConsumer#stopProducing(): nameFilter produced 333495 samples
2026-04-24 22:07:49,738 INFO o.a.j.r.p.AbstractSampleConsumer: class org.apache.jmeter.report.processor.FilterConsumer#stopProducing(): dateRangeFilter produced 66699 samples
2026-04-24 22:07:49,738 INFO o.a.j.r.p.AbstractSampleConsumer: class org.apache.jmeter.report.processor.NormalizerSampleConsumer#stopProducing(): normalizer produced 22233 samples
2026-04-24 22:07:49,738 INFO o.a.j.r.p.CsvFileSampleSource: produce(): 22233 samples produced in 895ms on channel 0
2026-04-24 22:07:49,738 INFO o.a.j.r.d.ReportGenerator: Exporting data using exporter:'json' of className:'org.apache.jmeter.report.dashboard.JsonExporter'
2026-04-24 22:07:49,774 INFO o.a.j.r.d.JsonExporter: Found data for consumer statisticsSummary in context
2026-04-24 22:07:49,774 INFO o.a.j.r.d.JsonExporter: Creating statistics for overall
2026-04-24 22:07:49,775 INFO o.a.j.r.d.JsonExporter: Creating statistics for other transactions
2026-04-24 22:07:49,775 INFO o.a.j.r.d.JsonExporter: Checking output folder
2026-04-24 22:07:49,775 INFO o.a.j.r.d.JsonExporter: Writing statistics JSON to /Users/suhaasnv/Documents/Desktop ALT/portfolioprojects/voyageai_1/performance/report/html-20260424-215513/statistics.json
2026-04-24 22:07:49,793 INFO o.a.j.r.d.ReportGenerator: Exporting data using exporter:'html' of className:'org.apache.jmeter.report.dashboard.HtmlTemplateExporter'
2026-04-24 22:07:49,794 INFO o.a.j.r.d.HtmlTemplateExporter: Will generate dashboard in folder: /Users/suhaasnv/Documents/Desktop ALT/portfolioprojects/voyageai_1/performance/report/html-20260424-215513
2026-04-24 22:07:49,853 INFO o.a.j.r.d.HtmlTemplateExporter: Report will be generated in: /Users/suhaasnv/Documents/Desktop ALT/portfolioprojects/voyageai_1/performance/report/html-20260424-215513, creating folder structure
2026-04-24 22:07:49,854 INFO o.a.j.r.d.TemplateVisitor: Copying folder from '/opt/homebrew/Cellar/jmeter/5.6.3/libexec/bin/report-template' to '/Users/suhaasnv/Documents/Desktop ALT/portfolioprojects/voyageai_1/performance/report/html-20260424-215513', got message: /Users/suhaasnv/Documents/Desktop ALT/portfolioprojects/voyageai_1/performance/report/html-20260424-215513, found non empty folder with following content [/Users/suhaasnv/Documents/Desktop ALT/portfolioprojects/voyageai_1/performance/report/html-20260424-215513/statistics.json], will be ignored
2026-04-24 22:07:50,065 INFO o.a.j.JMeter: Dashboard generated
